<?xml version="1.0" encoding="UTF-8"?>
<testsuites name="jest tests" tests="3" failures="0" errors="0" time="2.022">
  <testsuite name="Settings Controller" errors="0" failures="0" skipped="0" timestamp="2025-08-20T10:02:52" time="1.885" tests="3">
    <testcase classname="Settings Controller getConfig should return decrypted config from store if exists" name="Settings Controller getConfig should return decrypted config from store if exists" time="0.004">
    </testcase>
    <testcase classname="Settings Controller updateConfig should encrypt and save new config" name="Settings Controller updateConfig should encrypt and save new config" time="0.002">
    </testcase>
    <testcase classname="Settings Controller restoreConfig should restore default config" name="Settings Controller restoreConfig should restore default config" time="0.001">
    </testcase>
  </testsuite>
</testsuites>